SEGGER J-Link Remote Server V8.10c LogFile
Logging started @ 2024-12-08 15:06
00000000 - SERVER  (0x0015 bytes): Remote Server started
00000000 - SERVER  (0x0015 bytes): TLV Protocol: V1.0.0 
00000059 - SERVER  (0x0026 bytes): Connected to J-Link with S/N 801012021
00000059 - SERVER  (0x0039 bytes): Resolving tunnel server name (jlink-europe.segger.com)...
00000063 - SERVER  (0x001F bytes): Tunnel server IP: 185.162.249.2
00000105 - SERVER  (0x001B bytes): Registered at tunnel server
00000106 - SERVER  (0x001D bytes): Waiting for client connection
00012835 - SERVER  (0x0010 bytes): Client connected
00013944 - SERVER  (0x0018 bytes): Client connection closed
00019026 - SERVER  (0x0018 bytes): Cannot connect to J-Link
00019026 - SERVER  (0x0018 bytes): Retrying in 5 seconds...
00045883 - SERVER  (0x0018 bytes): Cannot connect to J-Link
00045883 - SERVER  (0x0018 bytes): Retrying in 5 seconds...
00053634 - SERVER  (0x0018 bytes): Cannot connect to J-Link
00053635 - SERVER  (0x0018 bytes): Retrying in 5 seconds...
00058997 - SERVER  (0x0026 bytes): Connected to J-Link with S/N 801012021
00058997 - SERVER  (0x0039 bytes): Resolving tunnel server name (jlink-europe.segger.com)...
00058999 - SERVER  (0x001F bytes): Tunnel server IP: 185.162.249.2
00059042 - SERVER  (0x001B bytes): Registered at tunnel server
00059043 - SERVER  (0x001D bytes): Waiting for client connection
00142987 - SERVER  (0x0018 bytes): Client connection closed
